{
  "C:\\Users\\mathi\\Sudoku\\src\\template.js": {
    "path": "C:\\Users\\mathi\\Sudoku\\src\\template.js",
    "statementMap": {
      "0": {
        "start": { "line": 2, "column": 2 },
        "end": { "line": 2, "column": 32 }
      },
      "1": {
        "start": { "line": 6, "column": 2 },
        "end": { "line": 6, "column": 29 }
      },
      "2": {
        "start": { "line": 10, "column": 2 },
        "end": { "line": 15, "column": 3 }
      },
      "3": {
        "start": { "line": 10, "column": 19 },
        "end": { "line": 10, "column": 20 }
      },
      "4": {
        "start": { "line": 11, "column": 23 },
        "end": { "line": 11, "column": 39 }
      },
      "5": {
        "start": { "line": 12, "column": 4 },
        "end": { "line": 14, "column": 5 }
      },
      "6": {
        "start": { "line": 13, "column": 6 },
        "end": { "line": 13, "column": 19 }
      },
      "7": {
        "start": { "line": 16, "column": 2 },
        "end": { "line": 16, "column": 14 }
      },
      "8": {
        "start": { "line": 20, "column": 27 },
        "end": { "line": 20, "column": 54 }
      },
      "9": {
        "start": { "line": 21, "column": 2 },
        "end": { "line": 23, "column": 3 }
      },
      "10": {
        "start": { "line": 21, "column": 29 },
        "end": { "line": 21, "column": 57 }
      },
      "11": {
        "start": { "line": 22, "column": 4 },
        "end": { "line": 22, "column": 16 }
      },
      "12": {
        "start": { "line": 24, "column": 2 },
        "end": { "line": 24, "column": 15 }
      },
      "13": {
        "start": { "line": 28, "column": 21 },
        "end": { "line": 30, "column": 3 }
      },
      "14": {
        "start": { "line": 29, "column": 21 },
        "end": { "line": 29, "column": 53 }
      },
      "15": {
        "start": { "line": 31, "column": 2 },
        "end": { "line": 31, "column": 31 }
      },
      "16": {
        "start": { "line": 34, "column": 0 },
        "end": { "line": 40, "column": 2 }
      }
    },
    "fnMap": {
      "0": {
        "name": "checkIfSudokuRowContains9Elements",
        "decl": {
          "start": { "line": 1, "column": 9 },
          "end": { "line": 1, "column": 42 }
        },
        "loc": {
          "start": { "line": 1, "column": 54 },
          "end": { "line": 3, "column": 1 }
        },
        "line": 1
      },
      "1": {
        "name": "isItANumber",
        "decl": {
          "start": { "line": 5, "column": 9 },
          "end": { "line": 5, "column": 20 }
        },
        "loc": {
          "start": { "line": 5, "column": 28 },
          "end": { "line": 7, "column": 1 }
        },
        "line": 5
      },
      "2": {
        "name": "isRowFilledWithNumbers",
        "decl": {
          "start": { "line": 9, "column": 9 },
          "end": { "line": 9, "column": 31 }
        },
        "loc": {
          "start": { "line": 9, "column": 43 },
          "end": { "line": 17, "column": 1 }
        },
        "line": 9
      },
      "3": {
        "name": "isRowFilledWithNumbersOneToNine",
        "decl": {
          "start": { "line": 19, "column": 9 },
          "end": { "line": 19, "column": 40 }
        },
        "loc": {
          "start": { "line": 19, "column": 52 },
          "end": { "line": 25, "column": 1 }
        },
        "line": 19
      },
      "4": {
        "name": "(anonymous_4)",
        "decl": {
          "start": { "line": 21, "column": 22 },
          "end": { "line": 21, "column": 23 }
        },
        "loc": {
          "start": { "line": 21, "column": 29 },
          "end": { "line": 21, "column": 57 }
        },
        "line": 21
      },
      "5": {
        "name": "doesRowContainDuplicates",
        "decl": {
          "start": { "line": 27, "column": 9 },
          "end": { "line": 27, "column": 33 }
        },
        "loc": {
          "start": { "line": 27, "column": 45 },
          "end": { "line": 32, "column": 1 }
        },
        "line": 27
      },
      "6": {
        "name": "(anonymous_6)",
        "decl": {
          "start": { "line": 29, "column": 4 },
          "end": { "line": 29, "column": 5 }
        },
        "loc": {
          "start": { "line": 29, "column": 21 },
          "end": { "line": 29, "column": 53 }
        },
        "line": 29
      }
    },
    "branchMap": {
      "0": {
        "loc": {
          "start": { "line": 12, "column": 4 },
          "end": { "line": 14, "column": 5 }
        },
        "type": "if",
        "locations": [
          {
            "start": { "line": 12, "column": 4 },
            "end": { "line": 14, "column": 5 }
          },
          { "start": {}, "end": {} }
        ],
        "line": 12
      },
      "1": {
        "loc": {
          "start": { "line": 21, "column": 2 },
          "end": { "line": 23, "column": 3 }
        },
        "type": "if",
        "locations": [
          {
            "start": { "line": 21, "column": 2 },
            "end": { "line": 23, "column": 3 }
          },
          { "start": {}, "end": {} }
        ],
        "line": 21
      }
    },
    "s": {
      "0": 3,
      "1": 21,
      "2": 2,
      "3": 2,
      "4": 18,
      "5": 18,
      "6": 1,
      "7": 1,
      "8": 3,
      "9": 3,
      "10": 22,
      "11": 2,
      "12": 1,
      "13": 2,
      "14": 18,
      "15": 2,
      "16": 1
    },
    "f": { "0": 3, "1": 21, "2": 2, "3": 3, "4": 22, "5": 2, "6": 18 },
    "b": { "0": [1, 17], "1": [2, 1] },
    "_coverageSchema": "1a1c01bbd47fc00a2c39e90264f33305004495a9",
    "hash": "39675321b060a34d8239733330a3e4ddd0991928"
  }
}
