{"C:\\Users\\mathi\\Sudoku\\src\\template.js": {"path":"C:\\Users\\mathi\\Sudoku\\src\\template.js","statementMap":{"0":{"start":{"line":2,"column":2},"end":{"line":2,"column":32}},"1":{"start":{"line":6,"column":2},"end":{"line":6,"column":29}},"2":{"start":{"line":9,"column":0},"end":{"line":9,"column":68}}},"fnMap":{"0":{"name":"checkIfSudokuRowContains9Elements","decl":{"start":{"line":1,"column":9},"end":{"line":1,"column":42}},"loc":{"start":{"line":1,"column":54},"end":{"line":3,"column":1}},"line":1},"1":{"name":"isItANumber","decl":{"start":{"line":5,"column":9},"end":{"line":5,"column":20}},"loc":{"start":{"line":5,"column":28},"end":{"line":7,"column":1}},"line":5}},"branchMap":{},"s":{"0":3,"1":3,"2":1},"f":{"0":3,"1":3},"b":{},"_coverageSchema":"1a1c01bbd47fc00a2c39e90264f33305004495a9","hash":"3f18c32d9ba1d0eb872f51ae031c630b1f7aee40"}
}
