TN:
SF:src\template.js
FN:1,checkIfSudokuRowContains9Elements
FN:5,isItANumber
FN:9,isRowFilledWithNumbers
FN:19,isRowFilledWithNumbersOneToNine
FN:21,(anonymous_4)
FNF:5
FNH:5
FNDA:3,checkIfSudokuRowContains9Elements
FNDA:21,isItANumber
FNDA:2,isRowFilledWithNumbers
FNDA:2,isRowFilledWithNumbersOneToNine
FNDA:13,(anonymous_4)
DA:2,3
DA:6,21
DA:10,2
DA:11,18
DA:12,18
DA:13,1
DA:16,1
DA:20,2
DA:21,13
DA:22,1
DA:24,1
DA:30,1
LF:12
LH:12
BRDA:12,0,0,1
BRDA:12,0,1,17
BRDA:21,1,0,1
BRDA:21,1,1,1
BRF:4
BRH:4
end_of_record
