TN:
SF:src\template.js
FN:1,checkIfSudokuListContains9Elements
FN:5,isItANumber
FN:9,isListFilledWithNumbers
FN:19,isListFilledWithNumbersOneToNine
FN:21,(anonymous_4)
FN:27,doesListContainDuplicates
FN:29,(anonymous_6)
FN:34,isThisListComplete
FN:42,extractColumnFromSudokuBoard
FNF:9
FNH:9
FNDA:7,checkIfSudokuListContains9Elements
FNDA:48,isItANumber
FNDA:5,isListFilledWithNumbers
FNDA:6,isListFilledWithNumbersOneToNine
FNDA:49,(anonymous_4)
FNDA:5,doesListContainDuplicates
FNDA:45,(anonymous_6)
FNDA:4,isThisListComplete
FNDA:3,extractColumnFromSudokuBoard
DA:2,7
DA:6,48
DA:10,5
DA:11,45
DA:12,45
DA:13,1
DA:16,4
DA:20,6
DA:21,49
DA:22,5
DA:24,1
DA:28,5
DA:29,45
DA:31,5
DA:35,4
DA:43,3
DA:44,3
DA:45,3
DA:46,27
DA:47,27
DA:48,27
DA:50,3
DA:53,1
LF:23
LH:23
BRDA:12,0,0,1
BRDA:12,0,1,44
BRDA:21,1,0,5
BRDA:21,1,1,1
BRDA:36,2,0,4
BRDA:36,2,1,3
BRDA:36,2,2,3
BRDA:36,2,3,3
BRF:8
BRH:8
end_of_record
